<?xml version="1.0" encoding="UTF-8"?>
<testsuite name="examles.JUnit5Search" tests="1" skipped="0" failures="0" errors="0" timestamp="2023-11-07T18:40:18" hostname="LAPTOP-TRLF235I" time="18.23">
  <properties/>
  <testcase name="shouldFindSelenideRepositoryAtTheTop()" classname="examles.JUnit5Search" time="18.23"/>
  <system-out><![CDATA[]]></system-out>
  <system-err><![CDATA[SLF4J: No SLF4J providers were found.
SLF4J: Defaulting to no-operation (NOP) logger implementation
SLF4J: See https://www.slf4j.org/codes.html#noProviders for further details.
нояб. 07, 2023 9:40:20 PM org.openqa.selenium.remote.service.DriverService$Builder getLogOutput
INFO: Driver logs no longer sent to console by default; https://www.selenium.dev/documentation/webdriver/drivers/service/#setting-log-output
нояб. 07, 2023 9:40:23 PM org.openqa.selenium.devtools.CdpVersionFinder findNearestMatch
WARNING: Unable to find an exact match for CDP version 118, so returning the closest version found: 114
]]></system-err>
</testsuite>
